============================= test session starts ==============================
platform linux -- Python 3.10.12, pytest-9.0.2, pluggy-1.6.0 -- /usr/bin/python3
cachedir: .pytest_cache
rootdir: /home/lindah/Desktop/projects/coding/visual studio/django website tutorials/photomedgemma
plugins: typeguard-4.4.4, anyio-3.7.1
collecting ... collected 32 items

tests/test_clements.py::TestClementsDecomposition::test_mzi_count_small PASSED [  3%]
tests/test_clements.py::TestClementsDecomposition::test_reconstruction_identity PASSED [  6%]
tests/test_clements.py::TestClementsDecomposition::test_reconstruction_accuracy_N4 PASSED [  9%]
tests/test_clements.py::TestClementsDecomposition::test_reconstruction_accuracy_N8 PASSED [ 12%]
tests/test_clements.py::TestClementsDecomposition::test_reconstruction_accuracy_N16 PASSED [ 15%]
tests/test_clements.py::TestClementsDecomposition::test_simulation_matches_matrix_product PASSED [ 18%]
tests/test_clements.py::TestClementsDecomposition::test_unitarity_preserved PASSED [ 21%]
tests/test_clements.py::TestClementsDecomposition::test_decomposition_stats PASSED [ 25%]
tests/test_clements.py::TestClementsDecomposition::test_phase_range PASSED [ 28%]
tests/test_clements.py::TestClementsDecomposition::test_real_matrix_decomposition PASSED [ 31%]
tests/test_clements.py::TestClementsDecomposition::test_multiple_sizes[2] PASSED [ 34%]
tests/test_clements.py::TestClementsDecomposition::test_multiple_sizes[3] PASSED [ 37%]
tests/test_clements.py::TestClementsDecomposition::test_multiple_sizes[4] PASSED [ 40%]
tests/test_clements.py::TestClementsDecomposition::test_multiple_sizes[6] PASSED [ 43%]
tests/test_clements.py::TestClementsDecomposition::test_multiple_sizes[8] PASSED [ 46%]
tests/test_clements.py::TestMZIMesh::test_mesh_forward_pass PASSED       [ 50%]
tests/test_clements.py::TestMZIMesh::test_mesh_reconstruction_error PASSED [ 53%]
tests/test_clements.py::TestMZIMesh::test_phase_map_dac_codes PASSED     [ 56%]
tests/test_compiler.py::TestLayerDecomposer::test_basic_svd PASSED       [ 59%]
tests/test_compiler.py::TestLayerDecomposer::test_energy_threshold PASSED [ 62%]
tests/test_compiler.py::TestLayerDecomposer::test_full_unitaries_are_unitary PASSED [ 65%]
tests/test_compiler.py::TestMZIMapper::test_compile_small_layer PASSED   [ 68%]
tests/test_compiler.py::TestMZIMapper::test_forward_pass_accuracy PASSED [ 71%]
tests/test_compiler.py::TestPhaseEncoder::test_phase_quantization_roundtrip PASSED [ 75%]
tests/test_compiler.py::TestPhaseEncoder::test_phase_map_generation PASSED [ 78%]
tests/test_compiler.py::TestNetlistGenerator::test_netlist_generation PASSED [ 81%]
tests/test_compiler.py::TestNetlistGenerator::test_json_manifest PASSED  [ 84%]
tests/test_power_model.py::TestPowerModel::test_basic_estimate PASSED    [ 87%]
tests/test_power_model.py::TestPowerModel::test_gpu_comparison PASSED    [ 90%]
tests/test_power_model.py::TestPowerModel::test_energy_per_token PASSED  [ 93%]
tests/test_power_model.py::TestPowerModel::test_static_heater_power_zero PASSED [ 96%]
tests/test_power_model.py::TestPowerModel::test_power_report PASSED      [100%]

============================== 32 passed in 0.17s ==============================
